#
# There is insufficient memory for the Java Runtime Environment to continue.
# Cannot create worker GC thread. Out of system resources.
# Possible reasons:
#   The system is out of physical RAM or swap space
#   The process is running with CompressedOops enabled, and the Java Heap may be blocking the growth of the native heap
# Possible solutions:
#   Reduce memory load on the system
#   Increase physical memory or swap space
#   Check if swap backing store is full
#   Decrease Java heap size (-Xmx/-Xms)
#   Decrease number of Java threads
#   Decrease Java thread stack sizes (-Xss)
#   Set larger code cache with -XX:ReservedCodeCacheSize=
#   JVM is running with Unscaled Compressed Oops mode in which the Java heap is
#     placed in the first 4GB address space. The Java Heap base address is the
#     maximum limit for the native heap growth. Please use -XX:HeapBaseMinAddress
#     to set the Java Heap base and to place the Java Heap above 4GB virtual address.
# This output file may be truncated or incomplete.
#
#  Out of Memory Error (workerManager.hpp:70), pid=12928, tid=12928
#
# JRE version:  (11.0.4+11) (build )
# Java VM: OpenJDK 64-Bit Server VM (11.0.4+11-LTS, mixed mode, aot, sharing, tiered, compressed oops, g1 gc, linux-amd64)
# No core dump will be written. Core dumps have been disabled. To enable core dumping, try "ulimit -c unlimited" before starting Java again
#

---------------  S U M M A R Y ------------

Command Line: -Dfile.encoding=UTF-8 unsw.dungeon.DungeonApplication

Host: Intel(R) Xeon(R) CPU E5-2680 v4 @ 2.40GHz, 56 cores, 251G, Debian 6.0.10
Time: Sat Nov 16 15:33:30 2019 AEDT elapsed time: 0 seconds (0d 0h 0m 0s)

---------------  T H R E A D  ---------------

Current thread (0x00000000011f1000):  JavaThread "Unknown thread" [_thread_in_vm, id=12928, stack(0x00007ffed6ee8000,0x00007ffed76e6000)]

Stack: [0x00007ffed6ee8000,0x00007ffed76e6000],  sp=0x00007ffed76e1010,  free space=8164k
Native frames: (J=compiled Java code, A=aot compiled Java code, j=interpreted, Vv=VM code, C=native code)
V  [libjvm.so+0xe0f71a]  VMError::report_and_die(int, char const*, char const*, __va_list_tag*, Thread*, unsigned char*, void*, void*, char const*, int, unsigned long)+0x18a
V  [libjvm.so+0xe1051b]  VMError::report_and_die(Thread*, char const*, int, unsigned long, VMErrorType, char const*, __va_list_tag*)+0x2b
V  [libjvm.so+0x6ab7b8]  report_vm_out_of_memory(char const*, int, unsigned long, VMErrorType, char const*, ...)+0xd8
V  [libjvm.so+0xe3bdd5]  AbstractWorkGang::add_workers(unsigned int, bool)+0x1e5
V  [libjvm.so+0x7861e3]  G1CollectedHeap::G1CollectedHeap(G1CollectorPolicy*)+0x5d3
V  [libjvm.so+0x778ef6]  G1Arguments::create_heap()+0x66
V  [libjvm.so+0xdcb8c1]  Universe::initialize_heap()+0x31
V  [libjvm.so+0xdcbb87]  universe_init()+0x47
V  [libjvm.so+0x86ab87]  init_globals()+0x57
V  [libjvm.so+0xda9c59]  Threads::create_vm(JavaVMInitArgs*, bool*)+0x309
V  [libjvm.so+0x91e246]  JNI_CreateJavaVM+0x56
C  [libjli.so+0x47b1]  JavaMain+0x81
C  [libjli.so+0x9813]  ContinueInNewThread0+0x73
C  [libjli.so+0x5f49]  ContinueInNewThread+0x59
C  [libjli.so+0x6e14]  JLI_Launch+0xcc4
C  [java+0xa6d]


---------------  P R O C E S S  ---------------

Threads class SMR info:
_java_thread_list=0x00000000011e0d90, length=0, elements={
}

Java Threads: ( => current thread )

Other Threads:

[error occurred during error reporting (printing all threads), id 0xb, SIGSEGV (0xb) at pc=0x00007f1fd0ac604b]

VM state:not at safepoint (not fully initialized)

VM Mutex/Monitor currently owned by a thread: None


[error occurred during error reporting (printing compressed oops mode), id 0xb, SIGSEGV (0xb) at pc=0x00007f1fd0ae9453]

GC Heap History (0 events):
No events

Deoptimization events (0 events):
No events

Classes redefined (0 events):
No events

Internal exceptions (0 events):
No events

Events (0 events):
No events


Dynamic libraries:
00400000-00401000 r-xp 00000000 00:20 20923827                           /tmp_amd/ravel/export/ravel/3/cs2511/jdk-jfx/bin/java
00601000-00602000 rw-p 00001000 00:20 20923827                           /tmp_amd/ravel/export/ravel/3/cs2511/jdk-jfx/bin/java
011dd000-0121e000 rw-p 00000000 00:00 0                                  [heap]
7f1fb6386000-7f1fb670c000 rw-p 00000000 00:00 0 
7f1fb670c000-7f1fb670d000 ---p 00000000 00:00 0 
7f1fb670d000-7f1fb680e000 rw-p 00000000 00:00 0 
7f1fb680e000-7f1fb6813000 rw-p 00000000 00:00 0 
7f1fb6813000-7f1fb68f9000 ---p 00000000 00:00 0 
7f1fb68f9000-7f1fb68fe000 rw-p 00000000 00:00 0 
7f1fb68fe000-7f1fb69e4000 ---p 00000000 00:00 0 
7f1fb69e4000-7f1fb6c54000 rwxp 00000000 00:00 0 
7f1fb6c54000-7f1fb6f73000 ---p 00000000 00:00 0 
7f1fb6f73000-7f1fb71e3000 rwxp 00000000 00:00 0 
7f1fb71e3000-7f1fbe4ab000 ---p 00000000 00:00 0 
7f1fbe4ab000-7f1fbe71b000 rwxp 00000000 00:00 0 
7f1fbe71b000-7f1fc59e4000 ---p 00000000 00:00 0 
7f1fc59e4000-7f1fcf1e0000 r--s 00000000 00:20 21448325                   /tmp_amd/ravel/export/ravel/3/cs2511/jdk-jfx/lib/modules
7f1fcf1e0000-7f1fcf1fa000 r-xp 00000000 00:20 21448328                   /tmp_amd/ravel/export/ravel/3/cs2511/jdk-jfx/lib/libjimage.so
7f1fcf1fa000-7f1fcf3f9000 ---p 0001a000 00:20 21448328                   /tmp_amd/ravel/export/ravel/3/cs2511/jdk-jfx/lib/libjimage.so
7f1fcf3f9000-7f1fcf3fb000 rw-p 00019000 00:20 21448328                   /tmp_amd/ravel/export/ravel/3/cs2511/jdk-jfx/lib/libjimage.so
7f1fcf3fb000-7f1fcf40d000 rw-p 00000000 00:00 0 
7f1fcf40d000-7f1fcf414000 r-xp 00000000 00:20 21448342                   /tmp_amd/ravel/export/ravel/3/cs2511/jdk-jfx/lib/libzip.so
7f1fcf414000-7f1fcf614000 ---p 00007000 00:20 21448342                   /tmp_amd/ravel/export/ravel/3/cs2511/jdk-jfx/lib/libzip.so
7f1fcf614000-7f1fcf615000 rw-p 00007000 00:20 21448342                   /tmp_amd/ravel/export/ravel/3/cs2511/jdk-jfx/lib/libzip.so
7f1fcf615000-7f1fcf658000 r--s 00000000 08:01 3597014                    /var/cache/nscd/passwd
7f1fcf658000-7f1fcf681000 r-xp 00000000 00:20 21448332                   /tmp_amd/ravel/export/ravel/3/cs2511/jdk-jfx/lib/libjava.so
7f1fcf681000-7f1fcf881000 ---p 00029000 00:20 21448332                   /tmp_amd/ravel/export/ravel/3/cs2511/jdk-jfx/lib/libjava.so
7f1fcf881000-7f1fcf883000 rw-p 00029000 00:20 21448332                   /tmp_amd/ravel/export/ravel/3/cs2511/jdk-jfx/lib/libjava.so
7f1fcf883000-7f1fcf890000 r-xp 00000000 00:20 21448352                   /tmp_amd/ravel/export/ravel/3/cs2511/jdk-jfx/lib/libverify.so
7f1fcf890000-7f1fcfa8f000 ---p 0000d000 00:20 21448352                   /tmp_amd/ravel/export/ravel/3/cs2511/jdk-jfx/lib/libverify.so
7f1fcfa8f000-7f1fcfa91000 rw-p 0000c000 00:20 21448352                   /tmp_amd/ravel/export/ravel/3/cs2511/jdk-jfx/lib/libverify.so
7f1fcfa91000-7f1fcfa93000 r--p 00000000 08:01 2229063                    /lib/x86_64-linux-gnu/librt-2.28.so
7f1fcfa93000-7f1fcfa97000 r-xp 00002000 08:01 2229063                    /lib/x86_64-linux-gnu/librt-2.28.so
7f1fcfa97000-7f1fcfa99000 r--p 00006000 08:01 2229063                    /lib/x86_64-linux-gnu/librt-2.28.so
7f1fcfa99000-7f1fcfa9a000 r--p 00007000 08:01 2229063                    /lib/x86_64-linux-gnu/librt-2.28.so
7f1fcfa9a000-7f1fcfa9b000 rw-p 00008000 08:01 2229063                    /lib/x86_64-linux-gnu/librt-2.28.so
7f1fcfa9b000-7f1fcfb9c000 rw-p 00000000 00:00 0 
7f1fcfb9c000-7f1fcfba9000 r--p 00000000 08:01 2229033                    /lib/x86_64-linux-gnu/libm-2.28.so
7f1fcfba9000-7f1fcfc48000 r-xp 0000d000 08:01 2229033                    /lib/x86_64-linux-gnu/libm-2.28.so
7f1fcfc48000-7f1fcfd1d000 r--p 000ac000 08:01 2229033                    /lib/x86_64-linux-gnu/libm-2.28.so
7f1fcfd1d000-7f1fcfd1e000 r--p 00180000 08:01 2229033                    /lib/x86_64-linux-gnu/libm-2.28.so
7f1fcfd1e000-7f1fcfd1f000 rw-p 00181000 08:01 2229033                    /lib/x86_64-linux-gnu/libm-2.28.so
7f1fcfd1f000-7f1fd0e5d000 r-xp 00000000 00:20 21448296                   /tmp_amd/ravel/export/ravel/3/cs2511/jdk-jfx/lib/server/libjvm.so
7f1fd0e5d000-7f1fd105d000 ---p 0113e000 00:20 21448296                   /tmp_amd/ravel/export/ravel/3/cs2511/jdk-jfx/lib/server/libjvm.so
7f1fd105d000-7f1fd1132000 r--p 0113e000 00:20 21448296                   /tmp_amd/ravel/export/ravel/3/cs2511/jdk-jfx/lib/server/libjvm.so
7f1fd1132000-7f1fd116c000 rw-p 01213000 00:20 21448296                   /tmp_amd/ravel/export/ravel/3/cs2511/jdk-jfx/lib/server/libjvm.so
7f1fd116c000-7f1fd11d7000 rw-p 00000000 00:00 0 
7f1fd11d7000-7f1fd11db000 rw-p 00000000 00:00 0 
7f1fd11db000-7f1fd11fd000 r--p 00000000 08:01 2228805                    /lib/x86_64-linux-gnu/libc-2.28.so
7f1fd11fd000-7f1fd1345000 r-xp 00022000 08:01 2228805                    /lib/x86_64-linux-gnu/libc-2.28.so
7f1fd1345000-7f1fd1391000 r--p 0016a000 08:01 2228805                    /lib/x86_64-linux-gnu/libc-2.28.so
7f1fd1391000-7f1fd1392000 ---p 001b6000 08:01 2228805                    /lib/x86_64-linux-gnu/libc-2.28.so
7f1fd1392000-7f1fd1396000 r--p 001b6000 08:01 2228805                    /lib/x86_64-linux-gnu/libc-2.28.so
7f1fd1396000-7f1fd1398000 rw-p 001ba000 08:01 2228805                    /lib/x86_64-linux-gnu/libc-2.28.so
7f1fd1398000-7f1fd139c000 rw-p 00000000 00:00 0 
7f1fd139c000-7f1fd139d000 r--p 00000000 08:01 2229029                    /lib/x86_64-linux-gnu/libdl-2.28.so
7f1fd139d000-7f1fd139e000 r-xp 00001000 08:01 2229029                    /lib/x86_64-linux-gnu/libdl-2.28.so
7f1fd139e000-7f1fd139f000 r--p 00002000 08:01 2229029                    /lib/x86_64-linux-gnu/libdl-2.28.so
7f1fd139f000-7f1fd13a0000 r--p 00002000 08:01 2229029                    /lib/x86_64-linux-gnu/libdl-2.28.so
7f1fd13a0000-7f1fd13a1000 rw-p 00003000 08:01 2229029                    /lib/x86_64-linux-gnu/libdl-2.28.so
7f1fd13a1000-7f1fd13b0000 r-xp 00000000 00:20 21448323                   /tmp_amd/ravel/export/ravel/3/cs2511/jdk-jfx/lib/jli/libjli.so
7f1fd13b0000-7f1fd15b0000 ---p 0000f000 00:20 21448323                   /tmp_amd/ravel/export/ravel/3/cs2511/jdk-jfx/lib/jli/libjli.so
7f1fd15b0000-7f1fd15b1000 rw-p 0000f000 00:20 21448323                   /tmp_amd/ravel/export/ravel/3/cs2511/jdk-jfx/lib/jli/libjli.so
7f1fd15b1000-7f1fd15b7000 r--p 00000000 08:01 2229059                    /lib/x86_64-linux-gnu/libpthread-2.28.so
7f1fd15b7000-7f1fd15c6000 r-xp 00006000 08:01 2229059                    /lib/x86_64-linux-gnu/libpthread-2.28.so
7f1fd15c6000-7f1fd15cc000 r--p 00015000 08:01 2229059                    /lib/x86_64-linux-gnu/libpthread-2.28.so
7f1fd15cc000-7f1fd15cd000 r--p 0001a000 08:01 2229059                    /lib/x86_64-linux-gnu/libpthread-2.28.so
7f1fd15cd000-7f1fd15ce000 rw-p 0001b000 08:01 2229059                    /lib/x86_64-linux-gnu/libpthread-2.28.so
7f1fd15ce000-7f1fd15d2000 rw-p 00000000 00:00 0 
7f1fd15d2000-7f1fd15ec000 r-xp 00000000 08:01 2228507                    /lib/x86_64-linux-gnu/libz.so.1.2.8
7f1fd15ec000-7f1fd17eb000 ---p 0001a000 08:01 2228507                    /lib/x86_64-linux-gnu/libz.so.1.2.8
7f1fd17eb000-7f1fd17ec000 r--p 00019000 08:01 2228507                    /lib/x86_64-linux-gnu/libz.so.1.2.8
7f1fd17ec000-7f1fd17ed000 rw-p 0001a000 08:01 2228507                    /lib/x86_64-linux-gnu/libz.so.1.2.8
7f1fd17ed000-7f1fd17ee000 r--p 00000000 08:01 2228513                    /lib/x86_64-linux-gnu/libcloneforkinterceptor.so
7f1fd17ee000-7f1fd17ef000 r-xp 00001000 08:01 2228513                    /lib/x86_64-linux-gnu/libcloneforkinterceptor.so
7f1fd17ef000-7f1fd17f0000 r--p 00002000 08:01 2228513                    /lib/x86_64-linux-gnu/libcloneforkinterceptor.so
7f1fd17f0000-7f1fd17f1000 r--p 00002000 08:01 2228513                    /lib/x86_64-linux-gnu/libcloneforkinterceptor.so
7f1fd17f1000-7f1fd17f2000 rw-p 00003000 08:01 2228513                    /lib/x86_64-linux-gnu/libcloneforkinterceptor.so
7f1fd17f2000-7f1fd17f3000 rw-p 00000000 00:00 0 
7f1fd1818000-7f1fd181d000 rw-p 00000000 00:00 0 
7f1fd181d000-7f1fd1824000 ---p 00000000 00:00 0 
7f1fd1824000-7f1fd182c000 rw-s 00000000 08:01 1590669                    /tmp/hsperfdata_z5209503/12928
7f1fd182c000-7f1fd182d000 ---p 00000000 00:00 0 
7f1fd182d000-7f1fd182e000 r--p 00000000 00:00 0 
7f1fd182e000-7f1fd1830000 rw-p 00000000 00:00 0 
7f1fd1830000-7f1fd1831000 r--p 00000000 08:01 2228797                    /lib/x86_64-linux-gnu/ld-2.28.so
7f1fd1831000-7f1fd184f000 r-xp 00001000 08:01 2228797                    /lib/x86_64-linux-gnu/ld-2.28.so
7f1fd184f000-7f1fd1857000 r--p 0001f000 08:01 2228797                    /lib/x86_64-linux-gnu/ld-2.28.so
7f1fd1857000-7f1fd1858000 r--p 00026000 08:01 2228797                    /lib/x86_64-linux-gnu/ld-2.28.so
7f1fd1858000-7f1fd1859000 rw-p 00027000 08:01 2228797                    /lib/x86_64-linux-gnu/ld-2.28.so
7f1fd1859000-7f1fd185a000 rw-p 00000000 00:00 0 
7ffed6ee8000-7ffed6eec000 ---p 00000000 00:00 0 
7ffed76c7000-7ffed76e8000 rw-p 00000000 00:00 0                          [stack]
7ffed7707000-7ffed7709000 r--p 00000000 00:00 0                          [vvar]
7ffed7709000-7ffed770b000 r-xp 00000000 00:00 0                          [vdso]
ffffffffff600000-ffffffffff601000 r-xp 00000000 00:00 0                  [vsyscall]


VM Arguments:
jvm_args: -Dfile.encoding=UTF-8 
java_command: unsw.dungeon.DungeonApplication
java_class_path (initial): /tmp_amd/cage/export/cage/1/z5209503/COMP2511/H16A-dungeon_master/bin:/tmp_amd/cage/export/cage/1/z5209503/COMP2511/H16A-dungeon_master/lib/json.jar:/opt/eclipse/plugins/org.junit.jupiter.api_5.4.0.v20190212-2109.jar:/opt/eclipse/plugins/org.junit.jupiter.engine_5.4.0.v20190212-2109.jar:/opt/eclipse/plugins/org.junit.jupiter.migrationsupport_5.4.0.v20190212-2109.jar:/opt/eclipse/plugins/org.junit.jupiter.params_5.4.0.v20190212-2109.jar:/opt/eclipse/plugins/org.junit.platform.commons_1.4.0.v20190212-2109.jar:/opt/eclipse/plugins/org.junit.platform.engine_1.4.0.v20190212-2109.jar:/opt/eclipse/plugins/org.junit.platform.launcher_1.4.0.v20190212-2109.jar:/opt/eclipse/plugins/org.junit.platform.runner_1.4.0.v20190212-2109.jar:/opt/eclipse/plugins/org.junit.platform.suite.api_1.4.0.v20190212-2109.jar:/opt/eclipse/plugins/org.junit.vintage.engine_5.4.0.v20190212-2109.jar:/opt/eclipse/plugins/org.opentest4j_1.1.1.v20190212-2109.jar:/opt/eclipse/plugins/org.apiguardian_1.0.0.v20190212-2109.jar:/opt/eclipse/plugins/org.junit_4.12.0.v201504281640/junit.jar:/opt/eclipse/plugins/org.hamcrest.core_1.3.0.v20180420-1519.jar
Launcher Type: SUN_STANDARD

[Global flags]
     intx CICompilerCount                          = 2                                         {product} {ergonomic}
     uint G1ConcRefinementThreads                  = 2                                         {product} {ergonomic}
   size_t G1HeapRegionSize                         = 4194304                                   {product} {ergonomic}
    uintx GCDrainStackTargetSize                   = 64                                        {product} {ergonomic}
   size_t InitialHeapSize                          = 2147483648                                {product} {ergonomic}
   size_t MaxHeapSize                              = 32178700288                               {product} {ergonomic}
   size_t MinHeapDeltaBytes                        = 4194304                                   {product} {ergonomic}
    uintx NonNMethodCodeHeapSize                   = 5824844                                {pd product} {ergonomic}
    uintx NonProfiledCodeHeapSize                  = 122916698                              {pd product} {ergonomic}
    uintx ProfiledCodeHeapSize                     = 122916698                              {pd product} {ergonomic}
    uintx ReservedCodeCacheSize                    = 251658240                              {pd product} {ergonomic}
     bool SegmentedCodeCache                       = true                                      {product} {ergonomic}
     bool UseCompressedClassPointers               = true                                 {lp64_product} {ergonomic}
     bool UseCompressedOops                        = true                                 {lp64_product} {ergonomic}
     bool UseG1GC                                  = true                                      {product} {ergonomic}

Logging:
Log output configuration:
 #0: stdout all=warning uptime,level,tags
 #1: stderr all=off uptime,level,tags

Environment Variables:
PATH=/import/cage/1/z5209503/bin-pc.amd64.linux:/import/cage/1/z5209503/bin:/usr/local/bin:/usr/bin:/bin
SHELL=/usr/local/bin/bash
DISPLAY=vx1.orchestra.cse.unsw.EDU.AU:76.0
ARCH=pc.amd64.linux

Signal Handlers:
SIGSEGV: [libjvm.so+0xe10560], sa_mask[0]=11111111011111111101111111111110, sa_flags=SA_RESTART|SA_SIGINFO
SIGBUS: [libjvm.so+0xe10560], sa_mask[0]=11111111011111111101111111111110, sa_flags=SA_RESTART|SA_SIGINFO
SIGFPE: [libjvm.so+0xe10560], sa_mask[0]=11111111011111111101111111111110, sa_flags=SA_RESTART|SA_SIGINFO
SIGPIPE: [libjvm.so+0xc06000], sa_mask[0]=11111111011111111101111111111110, sa_flags=SA_RESTART|SA_SIGINFO
SIGXFSZ: [libjvm.so+0xc06000], sa_mask[0]=11111111011111111101111111111110, sa_flags=SA_RESTART|SA_SIGINFO
SIGILL: [libjvm.so+0xe10560], sa_mask[0]=11111111011111111101111111111110, sa_flags=SA_RESTART|SA_SIGINFO
SIGUSR2: [libjvm.so+0xc05ea0], sa_mask[0]=00100000000000000000000000000000, sa_flags=SA_RESTART|SA_SIGINFO
SIGHUP: SIG_DFL, sa_mask[0]=00000000000000000000000000000000, sa_flags=none
SIGINT: SIG_DFL, sa_mask[0]=00000000000000000000000000000000, sa_flags=none
SIGTERM: SIG_DFL, sa_mask[0]=00000000000000000000000000000000, sa_flags=none
SIGQUIT: SIG_DFL, sa_mask[0]=00000000000000000000000000000000, sa_flags=none


---------------  S Y S T E M  ---------------

OS:Debian 6.0.10

uname:Linux 4.9.0-0.bpo.11-amd64 #1 SMP Debian 4.9.189-3+deb9u2~deb8u1 (2019-11-12) x86_64
libc:glibc 2.28 NPTL 2.28 
rlimit: STACK 8192k, CORE 0k, NPROC 1031370, NOFILE 4096, AS infinity, DATA infinity, FSIZE infinity
load average:13.65 14.33 15.22

/proc/meminfo:
MemTotal:       264059244 kB
MemFree:        156997112 kB
MemAvailable:   187648228 kB
Buffers:         1145960 kB
Cached:         26520408 kB
SwapCached:            0 kB
Active:         85678468 kB
Inactive:       11060216 kB
Active(anon):   69082696 kB
Inactive(anon):   982372 kB
Active(file):   16595772 kB
Inactive(file): 10077844 kB
Unevictable:        9976 kB
Mlocked:            9976 kB
SwapTotal:             0 kB
SwapFree:              0 kB
Dirty:              2100 kB
Writeback:             0 kB
AnonPages:      69082764 kB
Mapped:          2291376 kB
Shmem:            986084 kB
Slab:            7094212 kB
SReclaimable:    5827568 kB
SUnreclaim:      1266644 kB
KernelStack:      257104 kB
PageTables:      1381128 kB
NFS_Unstable:        476 kB
Bounce:                0 kB
WritebackTmp:          0 kB
CommitLimit:    132029620 kB
Committed_AS:   223533080 kB
VmallocTotal:   34359738367 kB
VmallocUsed:           0 kB
VmallocChunk:          0 kB
HardwareCorrupted:     0 kB
AnonHugePages:         0 kB
ShmemHugePages:        0 kB
ShmemPmdMapped:        0 kB
HugePages_Total:       0
HugePages_Free:        0
HugePages_Rsvd:        0
HugePages_Surp:        0
Hugepagesize:       2048 kB
DirectMap4k:     3961592 kB
DirectMap2M:    101849088 kB
DirectMap1G:    164626432 kB


/proc/sys/kernel/threads-max (system-wide limit on the number of threads):
2062740


/proc/sys/vm/max_map_count (maximum number of memory map areas a process may have):
65530


/proc/sys/kernel/pid_max (system-wide limit on number of process identifiers):
57344



/etc/ld.so.preload:
libcloneforkinterceptor.so

Steal ticks since vm start: 0
Steal ticks percentage since vm start:  0.000

CPU:total 56 (initial active 2) (14 cores per cpu, 2 threads per core) family 6 model 79 stepping 1, cmov, cx8, fxsr, mmx, sse, sse2, sse3, ssse3, sse4.1, sse4.2, popcnt, avx, avx2, aes, clmul, erms, rtm, 3dnowpref, lzcnt, ht, tsc, tscinvbit, bmi1, bmi2, adx, fma
CPU Model and flags from /proc/cpuinfo:
model name	: Intel(R) Xeon(R) CPU E5-2680 v4 @ 2.40GHz
flags		: fpu vme de pse tsc msr pae mce cx8 apic sep mtrr pge mca cmov pat pse36 clflush dts acpi mmx fxsr sse sse2 ss ht tm pbe syscall nx pdpe1gb rdtscp lm constant_tsc arch_perfmon pebs bts rep_good nopl xtopology nonstop_tsc aperfmperf pni pclmulqdq dtes64 monitor ds_cpl vmx smx est tm2 ssse3 sdbg fma cx16 xtpr pdcm pcid dca sse4_1 sse4_2 x2apic movbe popcnt tsc_deadline_timer aes xsave avx f16c rdrand lahf_lm abm 3dnowprefetch epb invpcid_single ssbd ibrs ibpb stibp kaiser tpr_shadow vnmi flexpriority ept vpid fsgsbase tsc_adjust bmi1 hle avx2 smep bmi2 erms invpcid rtm cqm rdseed adx smap intel_pt xsaveopt cqm_llc cqm_occup_llc cqm_mbm_total cqm_mbm_local dtherm ida arat pln pts md_clear flush_l1d

Memory: 4k page, physical 264059244k(156995872k free), swap 0k(0k free)

vm_info: OpenJDK 64-Bit Server VM (11.0.4+11-LTS) for linux-amd64 JRE (Zulu11.33+15-CA) (11.0.4+11-LTS), built on Jul 23 2019 16:08:33 by "zulu_re" with gcc 4.9.2 20150212 (Red Hat 4.9.2-6)

END.
